$ cd build/app && react-scripts start

** maxdev-cli (Graphite) is overriding the default react-scripts webpack.config **
** webpack version:  4.44.2
** ENV: NODE_OPTIONS=--max_old_space_size=8192
** ENV: BROWSER=none
** ENV: NODE_ENV=development
** faster builds are enabled **
   ** removing plugin: CaseSensitivePathsPlugin
   ** removing plugin: IgnorePlugin
   ** removing plugin: ESLintWebpackPlugin
** maxdev-cli config; source-maps: 'eval-cheap-module-source-map-source-map', release: false, mem: '8.046875gb', treeshaking: false, mobile: true, fast builds: true, minimize: false **


[HPM] Proxy created: /maximo/**  ->  https://masdev.manage.masdemo.itzroks-6630039q7f-b0sx7d-6ccd7f378ae819553d37d5f2ee142bd6-0000.eu-de.containers.appdomain.cloud:443
[34mℹ[39m [90m｢wds｣[39m: Project is running at http://172.17.0.2/
[34mℹ[39m [90m｢wds｣[39m: webpack output is served from 
[34mℹ[39m [90m｢wds｣[39m: Content not from webpack is served from /graphite/.workspace/WILSON-masdev.manage.masdemo.itzroks-6630039q7f-b0sx7d-6ccd7f378ae819553d37d5f2ee142bd6-0000.eu-de.containers.appdomain.cloud/ASSETMOBILE/build/app/public
[34mℹ[39m [90m｢wds｣[39m: 404s will fallback to /
Starting the development server...

Compiled successfully!

You can now view @maximo/assetmobile in the browser.

  Local:            http://localhost:3006
  On Your Network:  http://172.17.0.2:3006

Note that the development build is not optimized.
To create a production build, use npm run build.

